<?xml version="1.0" encoding="UTF-8"?>
<testng-results skipped="0" failed="0" ignored="0" total="3" passed="3">
  <reporter-output>
  </reporter-output>
  <suite name="Suite1" duration-ms="201437" started-at="2020-03-17T18:25:15 IST" finished-at="2020-03-17T18:28:36 IST">
    <groups>
    </groups>
    <test name="Test1" duration-ms="201437" started-at="2020-03-17T18:25:15 IST" finished-at="2020-03-17T18:28:36 IST">
      <class name="TestScript.Amazon_TestCases">
        <test-method status="PASS" signature="driversetUp(java.lang.String, java.lang.String, java.lang.String, java.lang.String, java.lang.String)[pri:0, instance:TestScript.Amazon_TestCases@569cfc36]" name="driversetUp" is-config="true" duration-ms="14530" started-at="2020-03-17T18:25:15 IST" finished-at="2020-03-17T18:25:29 IST">
          <params>
            <param index="0">
              <value>
                <![CDATA[ce0916091a535e1605]]>
              </value>
            </param>
            <param index="1">
              <value>
                <![CDATA[7.0]]>
              </value>
            </param>
            <param index="2">
              <value>
                <![CDATA[Android]]>
              </value>
            </param>
            <param index="3">
              <value>
                <![CDATA[com.amazon.mShop.android.shopping]]>
              </value>
            </param>
            <param index="4">
              <value>
                <![CDATA[com.amazon.mShop.splashscreen.StartupActivity]]>
              </value>
            </param>
          </params>
          <reporter-output>
          </reporter-output>
        </test-method> <!-- driversetUp -->
        <test-method status="PASS" signature="tc001_Login_negativeTC()[pri:0, instance:TestScript.Amazon_TestCases@569cfc36]" name="tc001_Login_negativeTC" duration-ms="25953" started-at="2020-03-17T18:25:29 IST" finished-at="2020-03-17T18:25:55 IST">
          <reporter-output>
          </reporter-output>
        </test-method> <!-- tc001_Login_negativeTC -->
        <test-method status="PASS" signature="listenerResultFlow_driverTearDown(org.testng.ITestResult)[pri:0, instance:TestScript.Amazon_TestCases@569cfc36]" name="listenerResultFlow_driverTearDown" is-config="true" duration-ms="4301" started-at="2020-03-17T18:25:55 IST" finished-at="2020-03-17T18:25:59 IST">
          <params>
            <param index="0">
              <value>
                <![CDATA[[TestResult name=tc001_Login_negativeTC status=SUCCESS method=Amazon_TestCases.tc001_Login_negativeTC()[pri:0, instance:TestScript.Amazon_TestCases@569cfc36] output={null}]]]>
              </value>
            </param>
          </params>
          <reporter-output>
          </reporter-output>
        </test-method> <!-- listenerResultFlow_driverTearDown -->
        <test-method status="PASS" signature="driversetUp(java.lang.String, java.lang.String, java.lang.String, java.lang.String, java.lang.String)[pri:0, instance:TestScript.Amazon_TestCases@569cfc36]" name="driversetUp" is-config="true" duration-ms="12448" started-at="2020-03-17T18:25:59 IST" finished-at="2020-03-17T18:26:12 IST">
          <params>
            <param index="0">
              <value>
                <![CDATA[ce0916091a535e1605]]>
              </value>
            </param>
            <param index="1">
              <value>
                <![CDATA[7.0]]>
              </value>
            </param>
            <param index="2">
              <value>
                <![CDATA[Android]]>
              </value>
            </param>
            <param index="3">
              <value>
                <![CDATA[com.amazon.mShop.android.shopping]]>
              </value>
            </param>
            <param index="4">
              <value>
                <![CDATA[com.amazon.mShop.splashscreen.StartupActivity]]>
              </value>
            </param>
          </params>
          <reporter-output>
          </reporter-output>
        </test-method> <!-- driversetUp -->
        <test-method status="PASS" signature="tc002_Login()[pri:1, instance:TestScript.Amazon_TestCases@569cfc36]" name="tc002_Login" duration-ms="24739" started-at="2020-03-17T18:26:12 IST" finished-at="2020-03-17T18:26:37 IST">
          <reporter-output>
          </reporter-output>
        </test-method> <!-- tc002_Login -->
        <test-method status="PASS" signature="listenerResultFlow_driverTearDown(org.testng.ITestResult)[pri:0, instance:TestScript.Amazon_TestCases@569cfc36]" name="listenerResultFlow_driverTearDown" is-config="true" duration-ms="4114" started-at="2020-03-17T18:26:37 IST" finished-at="2020-03-17T18:26:41 IST">
          <params>
            <param index="0">
              <value>
                <![CDATA[[TestResult name=tc002_Login status=SUCCESS method=Amazon_TestCases.tc002_Login()[pri:1, instance:TestScript.Amazon_TestCases@569cfc36] output={null}]]]>
              </value>
            </param>
          </params>
          <reporter-output>
          </reporter-output>
        </test-method> <!-- listenerResultFlow_driverTearDown -->
        <test-method status="PASS" signature="driversetUp(java.lang.String, java.lang.String, java.lang.String, java.lang.String, java.lang.String)[pri:0, instance:TestScript.Amazon_TestCases@569cfc36]" name="driversetUp" is-config="true" duration-ms="13235" started-at="2020-03-17T18:26:41 IST" finished-at="2020-03-17T18:26:54 IST">
          <params>
            <param index="0">
              <value>
                <![CDATA[ce0916091a535e1605]]>
              </value>
            </param>
            <param index="1">
              <value>
                <![CDATA[7.0]]>
              </value>
            </param>
            <param index="2">
              <value>
                <![CDATA[Android]]>
              </value>
            </param>
            <param index="3">
              <value>
                <![CDATA[com.amazon.mShop.android.shopping]]>
              </value>
            </param>
            <param index="4">
              <value>
                <![CDATA[com.amazon.mShop.splashscreen.StartupActivity]]>
              </value>
            </param>
          </params>
          <reporter-output>
          </reporter-output>
        </test-method> <!-- driversetUp -->
        <test-method status="PASS" signature="tc003_CartOperation()[pri:2, instance:TestScript.Amazon_TestCases@569cfc36]" name="tc003_CartOperation" duration-ms="98401" started-at="2020-03-17T18:26:54 IST" finished-at="2020-03-17T18:28:32 IST">
          <reporter-output>
          </reporter-output>
        </test-method> <!-- tc003_CartOperation -->
        <test-method status="PASS" signature="listenerResultFlow_driverTearDown(org.testng.ITestResult)[pri:0, instance:TestScript.Amazon_TestCases@569cfc36]" name="listenerResultFlow_driverTearDown" is-config="true" duration-ms="3651" started-at="2020-03-17T18:28:32 IST" finished-at="2020-03-17T18:28:36 IST">
          <params>
            <param index="0">
              <value>
                <![CDATA[[TestResult name=tc003_CartOperation status=SUCCESS method=Amazon_TestCases.tc003_CartOperation()[pri:2, instance:TestScript.Amazon_TestCases@569cfc36] output={null}]]]>
              </value>
            </param>
          </params>
          <reporter-output>
          </reporter-output>
        </test-method> <!-- listenerResultFlow_driverTearDown -->
      </class> <!-- TestScript.Amazon_TestCases -->
    </test> <!-- Test1 -->
  </suite> <!-- Suite1 -->
</testng-results>
