<?xml version="1.0" encoding="UTF-8"?>
<!-- Generated by org.testng.reporters.JUnitXMLReporter -->
<testsuite hostname="DESKTOP-809J0CU" failures="0" tests="6" name="Test1" time="177.273" errors="0" timestamp="26 Aug 2020 07:45:42 GMT">
  <testcase classname="TestScript.Testcase_flipkart" name="Homepage_cartnavigate_TC" time="10.355"/>
  <testcase classname="TestScript.Testcase_flipkart" name="Product_search_TC" time="20.925"/>
  <testcase classname="TestScript.Testcase_flipkart" name="login_Negative_TC" time="15.966"/>
  <testcase classname="TestScript.Testcase_flipkart" name="login_skip_Tc" time="13.311"/>
  <testcase classname="TestScript.Testcase_flipkart" name="login_success_Tc" time="18.861"/>
  <testcase classname="TestScript.Testcase_flipkart" name="order_product" time="43.968"/>
</testsuite> <!-- Test1 -->
